app/build/outputs/logs/manifest-merger-debug-report.txt
-- Merging decision tree log ---
manifest
ADDED from src/main/AndroidManifest.xml:2:1-36:12
	xmlns:android
		ADDED from src/main/AndroidManifest.xml:2:11-69
	package
		ADDED from src/main/AndroidManifest.xml:3:7-28
		INJECTED from src/main/AndroidManifest.xml
		INJECTED from src/main/AndroidManifest.xml
	android:versionName
		ADDED from src/main/AndroidManifest.xml:5:7-32
		INJECTED from src/main/AndroidManifest.xml
		INJECTED from src/main/AndroidManifest.xml
	android:versionCode
		ADDED from src/main/AndroidManifest.xml:4:7-30
		INJECTED from src/main/AndroidManifest.xml
		INJECTED from src/main/AndroidManifest.xml
uses-sdk
ADDED from src/main/AndroidManifest.xml:6:5-43
	android:targetSdkVersion
		INJECTED from src/main/AndroidManifest.xml
		INJECTED from src/main/AndroidManifest.xml
	android:minSdkVersion
		ADDED from src/main/AndroidManifest.xml:6:15-41
		INJECTED from src/main/AndroidManifest.xml
		INJECTED from src/main/AndroidManifest.xml
application
ADDED from src/main/AndroidManifest.xml:8:5-33:19
	android:label
		ADDED from src/main/AndroidManifest.xml:8:48-80
	android:icon
		ADDED from src/main/AndroidManifest.xml:8:18-47
	android:theme
		ADDED from src/main/AndroidManifest.xml:8:81-128
activity#ltm.service.ActivityLaunching
ADDED from src/main/AndroidManifest.xml:10:9-16:20
	android:label
		ADDED from src/main/AndroidManifest.xml:11:19-51
	android:name
		ADDED from src/main/AndroidManifest.xml:10:19-63
intent-filter#android.intent.action.MAIN+android.intent.category.LAUNCHER
ADDED from src/main/AndroidManifest.xml:12:13-15:29
action#android.intent.action.MAIN
ADDED from src/main/AndroidManifest.xml:13:17-69
	android:name
		ADDED from src/main/AndroidManifest.xml:13:25-66
category#android.intent.category.LAUNCHER
ADDED from src/main/AndroidManifest.xml:14:17-77
	android:name
		ADDED from src/main/AndroidManifest.xml:14:27-74
activity#ltm.service.ActivityLaunched
ADDED from src/main/AndroidManifest.xml:18:9-24:20
	android:label
		ADDED from src/main/AndroidManifest.xml:19:19-52
	android:name
		ADDED from src/main/AndroidManifest.xml:18:19-51
intent-filter#android.intent.action.MAIN+android.intent.category.SAMPLE2
ADDED from src/main/AndroidManifest.xml:20:13-23:29
category#android.intent.category.SAMPLE2
ADDED from src/main/AndroidManifest.xml:22:17-76
	android:name
		ADDED from src/main/AndroidManifest.xml:22:27-73
service#ltm.service.ServiceLTM
ADDED from src/main/AndroidManifest.xml:26:9-31:19
	android:label
		ADDED from src/main/AndroidManifest.xml:28:11-37
	android:exported
		ADDED from src/main/AndroidManifest.xml:27:11-34
	android:enabled
		ADDED from src/main/AndroidManifest.xml:26:18-40
	android:name
		ADDED from src/main/AndroidManifest.xml:29:11-36